<?xml version="1.0" encoding="UTF-8"?>
<testsuite name="WebsocketMessageTest" tests="5" skipped="0" failures="0" errors="0" timestamp="2025-12-16T21:02:58" hostname="Ankurs-MacBook-Pro.local" time="0.001">
  <properties/>
  <testcase name="should convert QUOTE message to JSON correctly()" classname="WebsocketMessageTest" time="0.0"/>
  <testcase name="should create QUOTE message()" classname="WebsocketMessageTest" time="0.0"/>
  <testcase name="should create ADD message for instrument()" classname="WebsocketMessageTest" time="0.0"/>
  <testcase name="should convert ADD message to JSON correctly()" classname="WebsocketMessageTest" time="0.0"/>
  <testcase name="should create DELETE message for instrument()" classname="WebsocketMessageTest" time="0.0"/>
  <system-out><![CDATA[]]></system-out>
  <system-err><![CDATA[]]></system-err>
</testsuite>
