<?xml version="1.0" encoding="UTF-8"?>
<testsuite name="MessageTypeTest" tests="6" skipped="0" failures="0" errors="0" timestamp="2025-12-16T21:02:58" hostname="Ankurs-MacBook-Pro.local" time="0.004">
  <properties/>
  <testcase name="should throw exception for invalid value()" classname="MessageTypeTest" time="0.001"/>
  <testcase name="should have QUOTE type()" classname="MessageTypeTest" time="0.001"/>
  <testcase name="should have DELETE type()" classname="MessageTypeTest" time="0.0"/>
  <testcase name="should parse from string()" classname="MessageTypeTest" time="0.001"/>
  <testcase name="should have ADD type()" classname="MessageTypeTest" time="0.0"/>
  <testcase name="should have exactly 3 values()" classname="MessageTypeTest" time="0.001"/>
  <system-out><![CDATA[]]></system-out>
  <system-err><![CDATA[]]></system-err>
</testsuite>
