<?xml version="1.0" encoding="UTF-8"?>
<testsuite name="RandomWalkInstrumentTest" tests="6" skipped="0" failures="0" errors="0" timestamp="2025-12-16T21:02:58" hostname="Ankurs-MacBook-Pro.local" time="0.025">
  <properties/>
  <testcase name="should generate positive prices()" classname="RandomWalkInstrumentTest" time="0.013"/>
  <testcase name="should never generate negative prices()" classname="RandomWalkInstrumentTest" time="0.009"/>
  <testcase name="should generate varying prices over time()" classname="RandomWalkInstrumentTest" time="0.001"/>
  <testcase name="should create with instrument()" classname="RandomWalkInstrumentTest" time="0.0"/>
  <testcase name="prices should follow random walk pattern()" classname="RandomWalkInstrumentTest" time="0.001"/>
  <testcase name="should generate prices with 4 decimal places()" classname="RandomWalkInstrumentTest" time="0.0"/>
  <system-out><![CDATA[]]></system-out>
  <system-err><![CDATA[]]></system-err>
</testsuite>
